[INFO] (tiny.c:437) dumping xtiny_ctx
[INFO] (tiny.c:438) config-file: [settings.conf] 
[INFO] (tiny.c:439) cgi-path   : [cgi-bin] 
[INFO] (tiny.c:440) static-root: [/Users/maverick/git/Xtiny/baseline/optimized_baseline/static/] 
[INFO] (tiny.c:441) log file   : [xtiny.log] 
[INFO] (tiny.c:83) Successfull init for Snapy
[INFO] (tiny.c:395) cgi-args: [cgi-bin/adder?1&2]
[INFO] (tiny.c:437) dumping xtiny_ctx
[INFO] (tiny.c:438) config-file: [settings.conf] 
[INFO] (tiny.c:439) cgi-path   : [cgi-bin] 
[INFO] (tiny.c:440) static-root: [/Users/maverick/git/Xtiny/baseline/optimized_baseline/static/] 
[INFO] (tiny.c:441) log file   : [xtiny.log] 
[INFO] (tiny.c:395) cgi-args: [cgi-bin/adder?1&2]
[INFO] (tiny.c:437) dumping xtiny_ctx
[INFO] (tiny.c:438) config-file: [settings.conf] 
[INFO] (tiny.c:439) cgi-path   : [cgi-bin] 
[INFO] (tiny.c:440) static-root: [/Users/maverick/git/Xtiny/baseline/optimized_baseline/static/] 
[INFO] (tiny.c:441) log file   : [xtiny.log] 
[INFO] (tiny.c:395) cgi-args: [cgi-bin/adder?1&2]
[INFO] (tiny.c:437) dumping xtiny_ctx
[INFO] (tiny.c:438) config-file: [settings.conf] 
[INFO] (tiny.c:439) cgi-path   : [cgi-bin] 
[INFO] (tiny.c:440) static-root: [/Users/maverick/git/Xtiny/baseline/optimized_baseline/static/] 
[INFO] (tiny.c:441) log file   : [xtiny.log] 
[INFO] (tiny.c:395) cgi-args: [cgi-bin/adder?1&2]
[INFO] (tiny.c:437) dumping xtiny_ctx
[INFO] (tiny.c:438) config-file: [settings.conf] 
[INFO] (tiny.c:439) cgi-path   : [cgi-bin] 
[INFO] (tiny.c:440) static-root: [/Users/maverick/git/Xtiny/baseline/optimized_baseline/static/] 
[INFO] (tiny.c:441) log file   : [xtiny.log] 
[INFO] (tiny.c:395) cgi-args: [cgi-bin/adder?1&2]
[INFO] (tiny.c:437) dumping xtiny_ctx
[INFO] (tiny.c:438) config-file: [settings.conf] 
[INFO] (tiny.c:439) cgi-path   : [cgi-bin] 
[INFO] (tiny.c:440) static-root: [/Users/maverick/git/Xtiny/baseline/optimized_baseline/static/] 
[INFO] (tiny.c:441) log file   : [xtiny.log] 
[INFO] (tiny.c:395) cgi-args: [cgi-bin/adder?1&2]
[INFO] (tiny.c:437) dumping xtiny_ctx
[INFO] (tiny.c:438) config-file: [settings.conf] 
[INFO] (tiny.c:439) cgi-path   : [cgi-bin] 
[INFO] (tiny.c:440) static-root: [/Users/maverick/git/Xtiny/baseline/optimized_baseline/static/] 
[INFO] (tiny.c:441) log file   : [xtiny.log] 
[INFO] (tiny.c:395) cgi-args: [cgi-bin/adder?1&2]
[INFO] (tiny.c:437) dumping xtiny_ctx
[INFO] (tiny.c:438) config-file: [settings.conf] 
[INFO] (tiny.c:439) cgi-path   : [cgi-bin] 
[INFO] (tiny.c:440) static-root: [/Users/maverick/git/Xtiny/baseline/optimized_baseline/static/] 
[INFO] (tiny.c:441) log file   : [xtiny.log] 
[INFO] (tiny.c:395) cgi-args: [cgi-bin/adder?1&2]
[INFO] (tiny.c:437) dumping xtiny_ctx
[INFO] (tiny.c:438) config-file: [settings.conf] 
[INFO] (tiny.c:439) cgi-path   : [cgi-bin] 
[INFO] (tiny.c:440) static-root: [/Users/maverick/git/Xtiny/baseline/optimized_baseline/static/] 
[INFO] (tiny.c:441) log file   : [xtiny.log] 
[INFO] (tiny.c:395) cgi-args: [cgi-bin/adder?1&2]
[INFO] (tiny.c:437) dumping xtiny_ctx
[INFO] (tiny.c:438) config-file: [settings.conf] 
[INFO] (tiny.c:439) cgi-path   : [cgi-bin] 
[INFO] (tiny.c:440) static-root: [/Users/maverick/git/Xtiny/baseline/optimized_baseline/static/] 
[INFO] (tiny.c:441) log file   : [xtiny.log] 
[INFO] (tiny.c:395) cgi-args: [cgi-bin/adder?1&2]
[INFO] (tiny.c:437) dumping xtiny_ctx
[INFO] (tiny.c:438) config-file: [settings.conf] 
[INFO] (tiny.c:439) cgi-path   : [cgi-bin] 
[INFO] (tiny.c:440) static-root: [/Users/maverick/git/Xtiny/baseline/optimized_baseline/static/] 
[INFO] (tiny.c:441) log file   : [xtiny.log] 
[INFO] (tiny.c:395) cgi-args: [cgi-bin/adder?1&2]
[INFO] (tiny.c:437) dumping xtiny_ctx
[INFO] (tiny.c:438) config-file: [settings.conf] 
[INFO] (tiny.c:439) cgi-path   : [cgi-bin] 
[INFO] (tiny.c:440) static-root: [/Users/maverick/git/Xtiny/baseline/optimized_baseline/static/] 
[INFO] (tiny.c:441) log file   : [xtiny.log] 
[INFO] (tiny.c:395) cgi-args: [cgi-bin/adder?1&2]
[INFO] (tiny.c:437) dumping xtiny_ctx
[INFO] (tiny.c:438) config-file: [settings.conf] 
[INFO] (tiny.c:439) cgi-path   : [cgi-bin] 
[INFO] (tiny.c:440) static-root: [/Users/maverick/git/Xtiny/baseline/optimized_baseline/static/] 
[INFO] (tiny.c:441) log file   : [xtiny.log] 
[INFO] (tiny.c:395) cgi-args: [cgi-bin/adder?1&2]
[INFO] (tiny.c:437) dumping xtiny_ctx
[INFO] (tiny.c:438) config-file: [settings.conf] 
[INFO] (tiny.c:439) cgi-path   : [cgi-bin] 
[INFO] (tiny.c:440) static-root: [/Users/maverick/git/Xtiny/baseline/optimized_baseline/static/] 
[INFO] (tiny.c:441) log file   : [xtiny.log] 
[INFO] (tiny.c:395) cgi-args: [cgi-bin/adder?1&2]
[INFO] (tiny.c:437) dumping xtiny_ctx
[INFO] (tiny.c:438) config-file: [settings.conf] 
[INFO] (tiny.c:439) cgi-path   : [cgi-bin] 
[INFO] (tiny.c:440) static-root: [/Users/maverick/git/Xtiny/baseline/optimized_baseline/static/] 
[INFO] (tiny.c:441) log file   : [xtiny.log] 
[INFO] (tiny.c:395) cgi-args: [cgi-bin/adder?1&2]
[INFO] (tiny.c:437) dumping xtiny_ctx
[INFO] (tiny.c:438) config-file: [settings.conf] 
[INFO] (tiny.c:439) cgi-path   : [cgi-bin] 
[INFO] (tiny.c:440) static-root: [/Users/maverick/git/Xtiny/baseline/optimized_baseline/static/] 
[INFO] (tiny.c:441) log file   : [xtiny.log] 
[INFO] (tiny.c:395) cgi-args: [cgi-bin/adder?1&2]
[INFO] (tiny.c:437) dumping xtiny_ctx
[INFO] (tiny.c:438) config-file: [settings.conf] 
[INFO] (tiny.c:439) cgi-path   : [cgi-bin] 
[INFO] (tiny.c:440) static-root: [/Users/maverick/git/Xtiny/baseline/optimized_baseline/static/] 
[INFO] (tiny.c:441) log file   : [xtiny.log] 
[INFO] (tiny.c:395) cgi-args: [cgi-bin/adder?1&2]
[INFO] (tiny.c:437) dumping xtiny_ctx
[INFO] (tiny.c:438) config-file: [settings.conf] 
[INFO] (tiny.c:439) cgi-path   : [cgi-bin] 
[INFO] (tiny.c:440) static-root: [/Users/maverick/git/Xtiny/baseline/optimized_baseline/static/] 
[INFO] (tiny.c:441) log file   : [xtiny.log] 
[INFO] (tiny.c:395) cgi-args: [cgi-bin/adder?1&2]
[INFO] (tiny.c:437) dumping xtiny_ctx
[INFO] (tiny.c:438) config-file: [settings.conf] 
[INFO] (tiny.c:439) cgi-path   : [cgi-bin] 
[INFO] (tiny.c:440) static-root: [/Users/maverick/git/Xtiny/baseline/optimized_baseline/static/] 
[INFO] (tiny.c:441) log file   : [xtiny.log] 
[INFO] (tiny.c:395) cgi-args: [cgi-bin/adder?1&2]
[INFO] (tiny.c:437) dumping xtiny_ctx
[INFO] (tiny.c:438) config-file: [settings.conf] 
[INFO] (tiny.c:439) cgi-path   : [cgi-bin] 
[INFO] (tiny.c:440) static-root: [/Users/maverick/git/Xtiny/baseline/optimized_baseline/static/] 
[INFO] (tiny.c:441) log file   : [xtiny.log] 
[INFO] (tiny.c:395) cgi-args: [cgi-bin/adder?1&2]
[INFO] (tiny.c:437) dumping xtiny_ctx
[INFO] (tiny.c:438) config-file: [settings.conf] 
[INFO] (tiny.c:439) cgi-path   : [cgi-bin] 
[INFO] (tiny.c:440) static-root: [/Users/maverick/git/Xtiny/baseline/optimized_baseline/static/] 
[INFO] (tiny.c:441) log file   : [xtiny.log] 
[INFO] (tiny.c:395) cgi-args: [cgi-bin/adder?1&2]
[INFO] (tiny.c:437) dumping xtiny_ctx
[INFO] (tiny.c:438) config-file: [settings.conf] 
[INFO] (tiny.c:439) cgi-path   : [cgi-bin] 
[INFO] (tiny.c:440) static-root: [/Users/maverick/git/Xtiny/baseline/optimized_baseline/static/] 
[INFO] (tiny.c:441) log file   : [xtiny.log] 
[INFO] (tiny.c:395) cgi-args: [cgi-bin/adder?1&2]
[INFO] (tiny.c:437) dumping xtiny_ctx
[INFO] (tiny.c:438) config-file: [settings.conf] 
[INFO] (tiny.c:439) cgi-path   : [cgi-bin] 
[INFO] (tiny.c:440) static-root: [/Users/maverick/git/Xtiny/baseline/optimized_baseline/static/] 
[INFO] (tiny.c:441) log file   : [xtiny.log] 
[INFO] (tiny.c:395) cgi-args: [cgi-bin/adder?1&2]
[INFO] (tiny.c:437) dumping xtiny_ctx
[INFO] (tiny.c:438) config-file: [settings.conf] 
[INFO] (tiny.c:439) cgi-path   : [cgi-bin] 
[INFO] (tiny.c:440) static-root: [/Users/maverick/git/Xtiny/baseline/optimized_baseline/static/] 
[INFO] (tiny.c:441) log file   : [xtiny.log] 
[INFO] (tiny.c:395) cgi-args: [cgi-bin/adder?1&2]
[INFO] (tiny.c:437) dumping xtiny_ctx
[INFO] (tiny.c:438) config-file: [settings.conf] 
[INFO] (tiny.c:439) cgi-path   : [cgi-bin] 
[INFO] (tiny.c:440) static-root: [/Users/maverick/git/Xtiny/baseline/optimized_baseline/static/] 
[INFO] (tiny.c:441) log file   : [xtiny.log] 
[INFO] (tiny.c:395) cgi-args: [cgi-bin/adder?1[INFO] (tiny.c:395) cgi-args: [cgi-bin/adder?1&2]
[INFO] (tiny.c:437) dumping xtiny_ctx
[INFO] (tiny.c:438) config-file: [settings.conf] 
[INFO] (tiny.c:439) cgi-path   : [cgi-bin] 
[INFO] (tiny.cbaseline/optimized_baseline/static/] 
[INFO] (tiny.c:441) log file   : [xtiny.log] 
[INFO] (tiny.c:395) cgi-args: [cgi-bin/adder?1&2]
[INFO] (tiny.c:437) dumping xtiny_ctx
[INFO] (tiny.c:438) config-file: [settings.conf] 
[INFO] (tiny.c:439) cgi-path   : [cgi-bin] 
[INFO] (tiny.c:440) static-root: [/Users/maverick/git/Xtiny/baseline/optimized_baseline/static/] 
[INFO] (tiny.c:441) log file   : [xtiny.log] 
[INFO] (tiny.c:395) cgi-args: [cgi-bin/adder?1&2]
[INFO] (tiny.c:437) dumping xtiny_ctx
[INFO] (tiny.c:438) config-file: [settings.conf] 
[INFO] (tiny.c:439) cgi-path   : [cgi-bin] 
[INFO] (tiny.c:440) static-root: [/Users/maverick/git/Xtiny/baseline/optimized_baseline/static/] 
[INFO] (tiny.c:441) log file   : [xtiny.log] 
[INFO] (tiny.c:395) cgi-args: [cgi-bin/adder?1&2]
[INFO] (tiny.c:437) dumping xtiny_ctx
[INFO] (tiny.c:438) config-file: [settings.conf] 
[INFO] (tiny.c:439) cgi-path   : [cgi-bin] 
[INFO] (tiny.c:440) static-root: [/Users/maverick/git/Xtiny/baseline/optimized_baseline/static/] 
[INFO] (tiny.c:441) log file   : [xtiny.log] 
