[INFO] (tiny.c:356) dumping xtiny_ctx
[INFO] (tiny.c:357) config-file: [settings.conf] 
[INFO] (tiny.c:358) cgi-path   : [cgi-bin] 
[INFO] (tiny.c:359) static-root: [/Users/maverick/git/Xtiny/baseline/optimized_baseline/static/] 
[INFO] (tiny.c:360) log file   : [xtiny.log] 
[INFO] (tiny.c:65) Successfull init for XTiny
[INFO] (tiny.c:291) requested static file name: [/Users/maverick/git/Xtiny/baseline/optimized_baseline/static//hello.html]
[INFO] (tiny.c:356) dumping xtiny_ctx
[INFO] (tiny.c:357) config-file: [settings.conf] 
[INFO] (tiny.c:358) cgi-path   : [cgi-bin] 
[INFO] (tiny.c:359) static-root: [/Users/maverick/git/Xtiny/baseline/optimized_baseline/static/] 
[INFO] (tiny.c:360) log file   : [xtiny.log] 
[INFO] (tiny.c:291) requested static file name: [/Users/maverick/git/Xtiny/baseline/optimized_baseline/static//css/bootstrap.min.css]
[INFO] (tiny.c:356) dumping xtiny_ctx
[INFO] (tiny.c:357) config-file: [settings.conf] 
[INFO] (tiny.c:358) cgi-path   : [cgi-bin] 
[INFO] (tiny.c:359) static-root: [/Users/maverick/git/Xtiny/baseline/optimized_baseline/static/] 
[INFO] (tiny.c:360) log file   : [xtiny.log] 
[INFO] (tiny.c:291) requested static file name: [/Users/maverick/git/Xtiny/baseline/optimized_baseline/static//css/test.css]
[INFO] (tiny.c:356) dumping xtiny_ctx
[INFO] (tiny.c:357) config-file: [settings.conf] 
[INFO] (tiny.c:358) cgi-path   : [cgi-bin] 
[INFO] (tiny.c:359) static-root: [/Users/maverick/git/Xtiny/baseline/optimized_baseline/static/] 
[INFO] (tiny.c:360) log file   : [xtiny.log] 
[INFO] (tiny.c:291) requested static file name: [/Users/maverick/git/Xtiny/baseline/optimized_baseline/static//js/bootstrap.min.js]
[INFO] (tiny.c:356) dumping xtiny_ctx
[INFO] (tiny.c:357) config-file: [settings.conf] 
[INFO] (tiny.c:358) cgi-path   : [cgi-bin] 
[INFO] (tiny.c:359) static-root: [/Users/maverick/git/Xtiny/baseline/optimized_baseline/static/] 
[INFO] (tiny.c:360) log file   : [xtiny.log] 
[INFO] (tiny.c:291) requested static file name: [/Users/maverick/git/Xtiny/baseline/optimized_baseline/static//js/off.js]
[INFO] (tiny.c:356) dumping xtiny_ctx
[INFO] (tiny.c:357) config-file: [settings.conf] 
[INFO] (tiny.c:358) cgi-path   : [cgi-bin] 
[INFO] (tiny.c:359) static-root: [/Users/maverick/git/Xtiny/baseline/optimized_baseline/static/] 
[INFO] (tiny.c:360) log file   : [xtiny.log] 
[INFO] (tiny.c:291) requested static file name: [/Users/maverick/git/Xtiny/baseline/optimized_baseline/static//submissions/1/1/home.html]
[INFO] (tiny.c:356) dumping xtiny_ctx
[INFO] (tiny.c:357) config-file: [settings.conf] 
[INFO] (tiny.c:358) cgi-path   : [cgi-bin] 
[INFO] (tiny.c:359) static-root: [/Users/maverick/git/Xtiny/baseline/optimized_baseline/static/] 
[INFO] (tiny.c:360) log file   : [xtiny.log] 
[INFO] (tiny.c:291) requested static file name: [/Users/maverick/git/Xtiny/baseline/optimized_baseline/static//writeup/1/1/home.html]
[INFO] (tiny.c:356) dumping xtiny_ctx
[INFO] (tiny.c:357) config-file: [settings.conf] 
[INFO] (tiny.c:358) cgi-path   : [cgi-bin] 
[INFO] (tiny.c:359) static-root: [/Users/maverick/git/Xtiny/baseline/optimized_baseline/static/] 
[INFO] (tiny.c:360) log file   : [xtiny.log] 
