[INFO] (tiny.c:455) dumping xtiny_ctx
[INFO] (tiny.c:456) config-file: [settings.conf] 
[INFO] (tiny.c:457) cgi-path   : [cgi-bin] 
[INFO] (tiny.c:458) static-root: [/afs/andrew.cmu.edu/usr18/skamuju/improved/static/] 
[INFO] (tiny.c:459) log file   : [xtiny.log] 
[INFO] (tiny.c:92) Successfull init for Snapy
[INFO] (tiny.c:413) cgi-args: [cgi-bin/adder?1&2]
[INFO] (tiny.c:455) dumping xtiny_ctx
[INFO] (tiny.c:456) config-file: [settings.conf] 
[INFO] (tiny.c:457) cgi-path   : [cgi-bin] 
[INFO] (tiny.c:458) static-root: [/afs/andrew.cmu.edu/usr18/skamuju/improved/static/] 
[INFO] (tiny.c:459) log file   : [xtiny.log] 
[INFO] (tiny.c:390) requested static file name: [/afs/andrew.cmu.edu/usr18/skamuju/improved/static//favicon.ico]
[INFO] (tiny.c:455) dumping xtiny_ctx
[INFO] (tiny.c:456) config-file: [settings.conf] 
[INFO] (tiny.c:457) cgi-path   : [cgi-bin] 
[INFO] (tiny.c:458) static-root: [/afs/andrew.cmu.edu/usr18/skamuju/improved/static/] 
[INFO] (tiny.c:459) log file   : [xtiny.log] 
[INFO] (tiny.c:413) cgi-args: [cgi-bin/adder?1&24]
[INFO] (tiny.c:455) dumping xtiny_ctx
[INFO] (tiny.c:456) config-file: [settings.conf] 
[INFO] (tiny.c:457) cgi-path   : [cgi-bin] 
[INFO] (tiny.c:458) static-root: [/afs/andrew.cmu.edu/usr18/skamuju/improved/static/] 
[INFO] (tiny.c:459) log file   : [xtiny.log] 
[INFO] (tiny.c:390) requested static file name: [/afs/andrew.cmu.edu/usr18/skamuju/improved/static//favicon.ico]
[INFO] (tiny.c:455) dumping xtiny_ctx
[INFO] (tiny.c:456) config-file: [settings.conf] 
[INFO] (tiny.c:457) cgi-path   : [cgi-bin] 
[INFO] (tiny.c:458) static-root: [/afs/andrew.cmu.edu/usr18/skamuju/improved/static/] 
[INFO] (tiny.c:459) log file   : [xtiny.log] 
[INFO] (tiny.c:413) cgi-args: [cgi-bin/multiplier?1&24]
[INFO] (tiny.c:455) dumping xtiny_ctx
[INFO] (tiny.c:456) config-file: [settings.conf] 
[INFO] (tiny.c:457) cgi-path   : [cgi-bin] 
[INFO] (tiny.c:458) static-root: [/afs/andrew.cmu.edu/usr18/skamuju/improved/static/] 
[INFO] (tiny.c:459) log file   : [xtiny.log] 
[INFO] (tiny.c:390) requested static file name: [/afs/andrew.cmu.edu/usr18/skamuju/improved/static//favicon.ico]
[INFO] (tiny.c:455) dumping xtiny_ctx
[INFO] (tiny.c:456) config-file: [settings.conf] 
[INFO] (tiny.c:457) cgi-path   : [cgi-bin] 
[INFO] (tiny.c:458) static-root: [/afs/andrew.cmu.edu/usr18/skamuju/improved/static/] 
[INFO] (tiny.c:459) log file   : [xtiny.log] 
[INFO] (tiny.c:413) cgi-args: [cgi-bin/multiplier?2&24]
[INFO] (tiny.c:455) dumping xtiny_ctx
[INFO] (tiny.c:456) config-file: [settings.conf] 
[INFO] (tiny.c:457) cgi-path   : [cgi-bin] 
[INFO] (tiny.c:458) static-root: [/afs/andrew.cmu.edu/usr18/skamuju/improved/static/] 
[INFO] (tiny.c:459) log file   : [xtiny.log] 
[INFO] (tiny.c:390) requested static file name: [/afs/andrew.cmu.edu/usr18/skamuju/improved/static//favicon.ico]
[INFO] (tiny.c:455) dumping xtiny_ctx
[INFO] (tiny.c:456) config-file: [settings.conf] 
[INFO] (tiny.c:457) cgi-path   : [cgi-bin] 
[INFO] (tiny.c:458) static-root: [/afs/andrew.cmu.edu/usr18/skamuju/improved/static/] 
[INFO] (tiny.c:459) log file   : [xtiny.log] 
[INFO] (tiny.c:413) cgi-args: [cgi-bin/factorial?2&24]
[INFO] (tiny.c:455) dumping xtiny_ctx
[INFO] (tiny.c:456) config-file: [settings.conf] 
[INFO] (tiny.c:457) cgi-path   : [cgi-bin] 
[INFO] (tiny.c:458) static-root: [/afs/andrew.cmu.edu/usr18/skamuju/improved/static/] 
[INFO] (tiny.c:459) log file   : [xtiny.log] 
[INFO] (tiny.c:390) requested static file name: [/afs/andrew.cmu.edu/usr18/skamuju/improved/static//favicon.ico]
[INFO] (tiny.c:455) dumping xtiny_ctx
[INFO] (tiny.c:456) config-file: [settings.conf] 
[INFO] (tiny.c:457) cgi-path   : [cgi-bin] 
[INFO] (tiny.c:458) static-root: [/afs/andrew.cmu.edu/usr18/skamuju/improved/static/] 
[INFO] (tiny.c:459) log file   : [xtiny.log] 
[INFO] (tiny.c:413) cgi-args: [cgi-bin/factorial?100]
[INFO] (tiny.c:455) dumping xtiny_ctx
[INFO] (tiny.c:456) config-file: [settings.conf] 
[INFO] (tiny.c:457) cgi-path   : [cgi-bin] 
[INFO] (tiny.c:458) static-root: [/afs/andrew.cmu.edu/usr18/skamuju/improved/static/] 
[INFO] (tiny.c:459) log file   : [xtiny.log] 
[INFO] (tiny.c:390) requested static file name: [/afs/andrew.cmu.edu/usr18/skamuju/improved/static//favicon.ico]
[INFO] (tiny.c:455) dumping xtiny_ctx
[INFO] (tiny.c:456) config-file: [settings.conf] 
[INFO] (tiny.c:457) cgi-path   : [cgi-bin] 
[INFO] (tiny.c:458) static-root: [/afs/andrew.cmu.edu/usr18/skamuju/improved/static/] 
[INFO] (tiny.c:459) log file   : [xtiny.log] 
[INFO] (tiny.c:413) cgi-args: [cgi-bin/factorial?10]
[INFO] (tiny.c:455) dumping xtiny_ctx
[INFO] (tiny.c:456) config-file: [settings.conf] 
[INFO] (tiny.c:457) cgi-path   : [cgi-bin] 
[INFO] (tiny.c:458) static-root: [/afs/andrew.cmu.edu/usr18/skamuju/improved/static/] 
[INFO] (tiny.c:459) log file   : [xtiny.log] 
[INFO] (tiny.c:390) requested static file name: [/afs/andrew.cmu.edu/usr18/skamuju/improved/static//favicon.ico]
[INFO] (tiny.c:455) dumping xtiny_ctx
[INFO] (tiny.c:456) config-file: [settings.conf] 
[INFO] (tiny.c:457) cgi-path   : [cgi-bin] 
[INFO] (tiny.c:458) static-root: [/afs/andrew.cmu.edu/usr18/skamuju/improved/static/] 
[INFO] (tiny.c:459) log file   : [xtiny.log] 
[INFO] (tiny.c:413) cgi-args: [cgi-bin/factorial?4]
[INFO] (tiny.c:455) dumping xtiny_ctx
[INFO] (tiny.c:456) config-file: [settings.conf] 
[INFO] (tiny.c:457) cgi-path   : [cgi-bin] 
[INFO] (tiny.c:458) static-root: [/afs/andrew.cmu.edu/usr18/skamuju/improved/static/] 
[INFO] (tiny.c:459) log file   : [xtiny.log] 
[INFO] (tiny.c:390) requested static file name: [/afs/andrew.cmu.edu/usr18/skamuju/improved/static//favicon.ico]
[INFO] (tiny.c:455) dumping xtiny_ctx
[INFO] (tiny.c:456) config-file: [settings.conf] 
[INFO] (tiny.c:457) cgi-path   : [cgi-bin] 
[INFO] (tiny.c:458) static-root: [/afs/andrew.cmu.edu/usr18/skamuju/improved/static/] 
[INFO] (tiny.c:459) log file   : [xtiny.log] 
